mode: set
ubuntu-auto-update/backend/cmd/api/hosts_extra.go:33.82,45.61 3 0
ubuntu-auto-update/backend/cmd/api/hosts_extra.go:45.61,48.3 2 0
ubuntu-auto-update/backend/cmd/api/hosts_extra.go:49.2,49.25 1 0
ubuntu-auto-update/backend/cmd/api/hosts_extra.go:49.25,52.3 2 0
ubuntu-auto-update/backend/cmd/api/hosts_extra.go:53.2,53.26 1 0
ubuntu-auto-update/backend/cmd/api/hosts_extra.go:53.26,56.3 2 0
ubuntu-auto-update/backend/cmd/api/hosts_extra.go:57.2,58.15 2 0
ubuntu-auto-update/backend/cmd/api/hosts_extra.go:58.15,60.3 1 0
ubuntu-auto-update/backend/cmd/api/hosts_extra.go:61.2,61.14 1 0
ubuntu-auto-update/backend/cmd/api/hosts_extra.go:61.14,63.3 1 0
ubuntu-auto-update/backend/cmd/api/hosts_extra.go:64.2,65.21 2 0
ubuntu-auto-update/backend/cmd/api/hosts_extra.go:65.21,67.3 1 0
ubuntu-auto-update/backend/cmd/api/hosts_extra.go:72.2,84.27 5 0
ubuntu-auto-update/backend/cmd/api/hosts_extra.go:84.27,89.13 5 0
ubuntu-auto-update/backend/cmd/api/hosts_extra.go:89.13,91.17 2 0
ubuntu-auto-update/backend/cmd/api/hosts_extra.go:91.17,91.26 1 0
ubuntu-auto-update/backend/cmd/api/hosts_extra.go:92.4,96.21 4 0
ubuntu-auto-update/backend/cmd/api/hosts_extra.go:96.21,98.5 1 0
ubuntu-auto-update/backend/cmd/api/hosts_extra.go:99.4,99.42 1 0
ubuntu-auto-update/backend/cmd/api/hosts_extra.go:99.42,103.5 3 0
ubuntu-auto-update/backend/cmd/api/hosts_extra.go:106.4,110.18 4 0
ubuntu-auto-update/backend/cmd/api/hosts_extra.go:110.18,111.48 1 0
ubuntu-auto-update/backend/cmd/api/hosts_extra.go:111.48,113.6 1 0
ubuntu-auto-update/backend/cmd/api/hosts_extra.go:113.11,115.6 1 0
ubuntu-auto-update/backend/cmd/api/hosts_extra.go:116.5,117.11 2 0
ubuntu-auto-update/backend/cmd/api/hosts_extra.go:120.4,122.18 2 0
ubuntu-auto-update/backend/cmd/api/hosts_extra.go:122.18,127.5 4 0
ubuntu-auto-update/backend/cmd/api/hosts_extra.go:129.4,129.84 1 0
ubuntu-auto-update/backend/cmd/api/hosts_extra.go:129.84,134.5 4 0
ubuntu-auto-update/backend/cmd/api/hosts_extra.go:135.4,135.80 1 0
ubuntu-auto-update/backend/cmd/api/hosts_extra.go:135.80,137.5 1 0
ubuntu-auto-update/backend/cmd/api/hosts_extra.go:139.4,152.7 6 0
ubuntu-auto-update/backend/cmd/api/hosts_extra.go:155.2,159.28 3 0
ubuntu-auto-update/backend/cmd/api/hosts_extra.go:159.28,160.11 1 0
ubuntu-auto-update/backend/cmd/api/hosts_extra.go:160.11,162.4 1 0
ubuntu-auto-update/backend/cmd/api/hosts_extra.go:162.9,164.4 1 0
ubuntu-auto-update/backend/cmd/api/hosts_extra.go:167.2,168.18 2 0
ubuntu-auto-update/backend/cmd/api/hosts_extra.go:168.18,170.3 1 0
ubuntu-auto-update/backend/cmd/api/hosts_extra.go:170.8,170.25 1 0
ubuntu-auto-update/backend/cmd/api/hosts_extra.go:170.25,172.3 1 0
ubuntu-auto-update/backend/cmd/api/hosts_extra.go:172.8,174.3 1 0
ubuntu-auto-update/backend/cmd/api/hosts_extra.go:175.2,179.4 1 0
ubuntu-auto-update/backend/cmd/api/hosts_extra.go:185.81,187.16 2 0
ubuntu-auto-update/backend/cmd/api/hosts_extra.go:187.16,190.3 2 0
ubuntu-auto-update/backend/cmd/api/hosts_extra.go:192.2,193.16 2 0
ubuntu-auto-update/backend/cmd/api/hosts_extra.go:193.16,194.36 1 0
ubuntu-auto-update/backend/cmd/api/hosts_extra.go:194.36,197.4 2 0
ubuntu-auto-update/backend/cmd/api/hosts_extra.go:198.3,200.9 3 0
ubuntu-auto-update/backend/cmd/api/hosts_extra.go:203.2,210.50 4 0
ubuntu-auto-update/backend/cmd/api/hosts_extra.go:210.50,214.3 3 0
ubuntu-auto-update/backend/cmd/api/hosts_extra.go:216.2,216.77 1 0
ubuntu-auto-update/backend/cmd/api/hosts_extra.go:216.77,220.3 3 0
ubuntu-auto-update/backend/cmd/api/hosts_extra.go:222.2,227.19 4 0
ubuntu-auto-update/backend/cmd/api/hosts_extra.go:227.19,229.3 1 0
ubuntu-auto-update/backend/cmd/api/hosts_extra.go:230.2,230.37 1 0
ubuntu-auto-update/backend/cmd/api/main.go:68.77,72.16 4 0
ubuntu-auto-update/backend/cmd/api/main.go:72.16,75.3 2 0
ubuntu-auto-update/backend/cmd/api/main.go:76.2,76.26 1 0
ubuntu-auto-update/backend/cmd/api/main.go:76.26,81.3 1 0
ubuntu-auto-update/backend/cmd/api/main.go:90.71,96.20 2 0
ubuntu-auto-update/backend/cmd/api/main.go:96.20,99.3 2 0
ubuntu-auto-update/backend/cmd/api/main.go:101.2,103.16 3 0
ubuntu-auto-update/backend/cmd/api/main.go:103.16,106.3 2 0
ubuntu-auto-update/backend/cmd/api/main.go:107.2,108.16 2 0
ubuntu-auto-update/backend/cmd/api/main.go:108.16,111.3 2 0
ubuntu-auto-update/backend/cmd/api/main.go:112.2,112.132 1 0
ubuntu-auto-update/backend/cmd/api/main.go:112.132,115.3 2 0
ubuntu-auto-update/backend/cmd/api/main.go:117.2,117.65 1 0
ubuntu-auto-update/backend/cmd/api/main.go:117.65,121.3 2 0
ubuntu-auto-update/backend/cmd/api/main.go:121.8,121.27 1 0
ubuntu-auto-update/backend/cmd/api/main.go:121.27,124.3 2 0
ubuntu-auto-update/backend/cmd/api/main.go:126.2,126.57 1 0
ubuntu-auto-update/backend/cmd/api/main.go:129.13,130.38 1 0
ubuntu-auto-update/backend/cmd/api/main.go:130.38,132.3 1 0
ubuntu-auto-update/backend/cmd/api/main.go:134.2,138.16 4 0
ubuntu-auto-update/backend/cmd/api/main.go:138.16,140.3 1 0
ubuntu-auto-update/backend/cmd/api/main.go:141.2,156.16 11 0
ubuntu-auto-update/backend/cmd/api/main.go:156.16,158.3 1 0
ubuntu-auto-update/backend/cmd/api/main.go:159.2,186.73 7 0
ubuntu-auto-update/backend/cmd/api/main.go:186.73,187.48 1 0
ubuntu-auto-update/backend/cmd/api/main.go:187.48,189.4 1 0
ubuntu-auto-update/backend/cmd/api/main.go:190.3,190.41 1 0
ubuntu-auto-update/backend/cmd/api/main.go:191.8,191.20 1 0
ubuntu-auto-update/backend/cmd/api/main.go:191.20,193.3 1 0
ubuntu-auto-update/backend/cmd/api/main.go:198.2,207.22 9 0
ubuntu-auto-update/backend/cmd/api/main.go:207.22,209.3 1 0
ubuntu-auto-update/backend/cmd/api/main.go:213.2,251.17 25 0
ubuntu-auto-update/backend/cmd/api/main.go:251.17,253.3 1 0
ubuntu-auto-update/backend/cmd/api/main.go:254.2,273.17 16 0
ubuntu-auto-update/backend/cmd/api/main.go:273.17,275.3 1 0
ubuntu-auto-update/backend/cmd/api/main.go:276.2,287.16 9 0
ubuntu-auto-update/backend/cmd/api/main.go:287.16,289.3 1 0
ubuntu-auto-update/backend/cmd/api/main.go:291.2,299.12 2 0
ubuntu-auto-update/backend/cmd/api/main.go:299.12,308.51 7 0
ubuntu-auto-update/backend/cmd/api/main.go:308.51,310.4 1 0
ubuntu-auto-update/backend/cmd/api/main.go:311.3,311.20 1 0
ubuntu-auto-update/backend/cmd/api/main.go:314.2,315.76 2 0
ubuntu-auto-update/backend/cmd/api/main.go:315.76,317.3 1 0
ubuntu-auto-update/backend/cmd/api/main.go:318.2,318.28 1 0
ubuntu-auto-update/backend/cmd/api/main.go:326.78,333.61 3 1
ubuntu-auto-update/backend/cmd/api/main.go:333.61,336.3 2 0
ubuntu-auto-update/backend/cmd/api/main.go:338.2,339.24 2 1
ubuntu-auto-update/backend/cmd/api/main.go:339.24,342.3 2 1
ubuntu-auto-update/backend/cmd/api/main.go:344.2,345.27 2 1
ubuntu-auto-update/backend/cmd/api/main.go:345.27,349.3 3 1
ubuntu-auto-update/backend/cmd/api/main.go:350.2,350.91 1 1
ubuntu-auto-update/backend/cmd/api/main.go:350.91,353.3 2 1
ubuntu-auto-update/backend/cmd/api/main.go:357.2,358.25 2 1
ubuntu-auto-update/backend/cmd/api/main.go:358.25,364.17 2 0
ubuntu-auto-update/backend/cmd/api/main.go:364.17,368.4 3 0
ubuntu-auto-update/backend/cmd/api/main.go:369.3,369.16 1 0
ubuntu-auto-update/backend/cmd/api/main.go:370.8,372.17 2 1
ubuntu-auto-update/backend/cmd/api/main.go:372.17,375.4 2 0
ubuntu-auto-update/backend/cmd/api/main.go:376.3,377.106 2 1
ubuntu-auto-update/backend/cmd/api/main.go:380.2,385.70 4 1
ubuntu-auto-update/backend/cmd/api/main.go:388.77,393.29 2 1
ubuntu-auto-update/backend/cmd/api/main.go:393.29,394.54 1 0
ubuntu-auto-update/backend/cmd/api/main.go:394.54,398.4 3 0
ubuntu-auto-update/backend/cmd/api/main.go:401.2,402.61 2 1
ubuntu-auto-update/backend/cmd/api/main.go:402.61,405.3 2 1
ubuntu-auto-update/backend/cmd/api/main.go:409.2,409.19 1 1
ubuntu-auto-update/backend/cmd/api/main.go:409.19,411.17 2 0
ubuntu-auto-update/backend/cmd/api/main.go:411.17,417.4 3 0
ubuntu-auto-update/backend/cmd/api/main.go:419.3,422.17 2 0
ubuntu-auto-update/backend/cmd/api/main.go:422.17,426.4 3 0
ubuntu-auto-update/backend/cmd/api/main.go:427.3,436.9 8 0
ubuntu-auto-update/backend/cmd/api/main.go:441.2,443.48 3 1
ubuntu-auto-update/backend/cmd/api/main.go:443.48,447.3 3 1
ubuntu-auto-update/backend/cmd/api/main.go:448.2,450.24 3 1
ubuntu-auto-update/backend/cmd/api/main.go:450.24,453.3 2 1
ubuntu-auto-update/backend/cmd/api/main.go:454.2,455.16 2 1
ubuntu-auto-update/backend/cmd/api/main.go:455.16,459.3 3 0
ubuntu-auto-update/backend/cmd/api/main.go:460.2,464.66 5 1
ubuntu-auto-update/backend/cmd/api/main.go:469.74,471.14 2 1
ubuntu-auto-update/backend/cmd/api/main.go:471.14,474.3 2 1
ubuntu-auto-update/backend/cmd/api/main.go:475.2,480.4 2 1
ubuntu-auto-update/backend/cmd/api/main.go:483.72,487.2 3 1
ubuntu-auto-update/backend/cmd/api/main.go:490.78,492.90 2 1
ubuntu-auto-update/backend/cmd/api/main.go:492.90,494.3 1 1
ubuntu-auto-update/backend/cmd/api/main.go:494.8,494.80 1 1
ubuntu-auto-update/backend/cmd/api/main.go:494.80,496.3 1 1
ubuntu-auto-update/backend/cmd/api/main.go:497.2,497.15 1 1
ubuntu-auto-update/backend/cmd/api/main.go:497.15,498.26 1 1
ubuntu-auto-update/backend/cmd/api/main.go:498.26,500.4 1 0
ubuntu-auto-update/backend/cmd/api/main.go:503.3,503.34 1 1
ubuntu-auto-update/backend/cmd/api/main.go:505.2,508.30 4 1
ubuntu-auto-update/backend/cmd/api/main.go:511.78,515.64 3 1
ubuntu-auto-update/backend/cmd/api/main.go:515.64,518.3 2 1
ubuntu-auto-update/backend/cmd/api/main.go:520.2,521.27 2 1
ubuntu-auto-update/backend/cmd/api/main.go:521.27,524.3 2 1
ubuntu-auto-update/backend/cmd/api/main.go:526.2,529.16 3 1
ubuntu-auto-update/backend/cmd/api/main.go:529.16,533.3 3 1
ubuntu-auto-update/backend/cmd/api/main.go:535.2,536.36 2 1
ubuntu-auto-update/backend/cmd/api/main.go:539.81,541.16 2 1
ubuntu-auto-update/backend/cmd/api/main.go:541.16,545.3 3 1
ubuntu-auto-update/backend/cmd/api/main.go:547.2,548.34 2 1
ubuntu-auto-update/backend/cmd/api/main.go:551.50,553.9 2 1
ubuntu-auto-update/backend/cmd/api/main.go:553.9,555.3 1 1
ubuntu-auto-update/backend/cmd/api/main.go:556.2,557.16 2 1
ubuntu-auto-update/backend/cmd/api/main.go:557.16,559.3 1 1
ubuntu-auto-update/backend/cmd/api/main.go:560.2,560.23 1 1
ubuntu-auto-update/backend/cmd/api/main.go:563.79,565.16 2 1
ubuntu-auto-update/backend/cmd/api/main.go:565.16,568.3 2 1
ubuntu-auto-update/backend/cmd/api/main.go:570.2,571.16 2 1
ubuntu-auto-update/backend/cmd/api/main.go:571.16,572.36 1 1
ubuntu-auto-update/backend/cmd/api/main.go:572.36,574.4 1 1
ubuntu-auto-update/backend/cmd/api/main.go:574.9,577.4 2 1
ubuntu-auto-update/backend/cmd/api/main.go:578.3,578.9 1 1
ubuntu-auto-update/backend/cmd/api/main.go:581.2,582.33 2 1
ubuntu-auto-update/backend/cmd/api/main.go:596.82,604.61 3 1
ubuntu-auto-update/backend/cmd/api/main.go:604.61,607.3 2 1
ubuntu-auto-update/backend/cmd/api/main.go:609.2,611.24 3 1
ubuntu-auto-update/backend/cmd/api/main.go:611.24,614.3 2 1
ubuntu-auto-update/backend/cmd/api/main.go:615.2,615.23 1 1
ubuntu-auto-update/backend/cmd/api/main.go:615.23,617.3 1 0
ubuntu-auto-update/backend/cmd/api/main.go:619.2,620.16 2 1
ubuntu-auto-update/backend/cmd/api/main.go:620.16,621.46 1 1
ubuntu-auto-update/backend/cmd/api/main.go:621.46,624.4 2 1
ubuntu-auto-update/backend/cmd/api/main.go:625.3,627.9 3 1
ubuntu-auto-update/backend/cmd/api/main.go:632.2,632.24 1 1
ubuntu-auto-update/backend/cmd/api/main.go:632.24,640.3 6 1
ubuntu-auto-update/backend/cmd/api/main.go:644.2,648.25 4 0
ubuntu-auto-update/backend/cmd/api/main.go:648.25,652.76 1 0
ubuntu-auto-update/backend/cmd/api/main.go:652.76,654.4 1 0
ubuntu-auto-update/backend/cmd/api/main.go:655.3,657.9 3 0
ubuntu-auto-update/backend/cmd/api/main.go:660.2,660.87 1 0
ubuntu-auto-update/backend/cmd/api/main.go:660.87,666.3 4 0
ubuntu-auto-update/backend/cmd/api/main.go:668.2,668.84 1 0
ubuntu-auto-update/backend/cmd/api/main.go:668.84,672.3 1 0
ubuntu-auto-update/backend/cmd/api/main.go:674.2,684.33 5 0
ubuntu-auto-update/backend/cmd/api/main.go:690.82,694.16 3 1
ubuntu-auto-update/backend/cmd/api/main.go:694.16,697.3 2 1
ubuntu-auto-update/backend/cmd/api/main.go:699.2,702.61 2 1
ubuntu-auto-update/backend/cmd/api/main.go:702.61,705.3 2 1
ubuntu-auto-update/backend/cmd/api/main.go:706.2,706.24 1 1
ubuntu-auto-update/backend/cmd/api/main.go:706.24,709.3 2 1
ubuntu-auto-update/backend/cmd/api/main.go:710.2,711.19 2 1
ubuntu-auto-update/backend/cmd/api/main.go:711.19,714.3 2 1
ubuntu-auto-update/backend/cmd/api/main.go:716.2,717.16 2 1
ubuntu-auto-update/backend/cmd/api/main.go:717.16,718.36 1 1
ubuntu-auto-update/backend/cmd/api/main.go:718.36,721.4 2 1
ubuntu-auto-update/backend/cmd/api/main.go:722.3,724.9 3 1
ubuntu-auto-update/backend/cmd/api/main.go:727.2,728.33 2 1
ubuntu-auto-update/backend/cmd/api/main.go:734.82,736.16 2 1
ubuntu-auto-update/backend/cmd/api/main.go:736.16,739.3 2 1
ubuntu-auto-update/backend/cmd/api/main.go:741.2,742.16 2 1
ubuntu-auto-update/backend/cmd/api/main.go:742.16,743.36 1 1
ubuntu-auto-update/backend/cmd/api/main.go:743.36,746.4 2 1
ubuntu-auto-update/backend/cmd/api/main.go:747.3,749.9 3 1
ubuntu-auto-update/backend/cmd/api/main.go:752.2,752.57 1 1
ubuntu-auto-update/backend/cmd/api/main.go:752.57,756.3 2 1
ubuntu-auto-update/backend/cmd/api/main.go:758.2,759.16 2 1
ubuntu-auto-update/backend/cmd/api/main.go:759.16,763.3 3 1
ubuntu-auto-update/backend/cmd/api/main.go:764.2,764.15 1 1
ubuntu-auto-update/backend/cmd/api/main.go:764.15,767.3 2 1
ubuntu-auto-update/backend/cmd/api/main.go:769.2,772.37 3 1
ubuntu-auto-update/backend/cmd/api/main.go:778.57,780.43 1 0
ubuntu-auto-update/backend/cmd/api/main.go:780.43,782.4 1 0
ubuntu-auto-update/backend/cmd/api/main.go:786.82,790.61 3 1
ubuntu-auto-update/backend/cmd/api/main.go:790.61,793.3 2 1
ubuntu-auto-update/backend/cmd/api/main.go:795.2,797.38 3 1
ubuntu-auto-update/backend/cmd/api/main.go:797.38,800.3 2 1
ubuntu-auto-update/backend/cmd/api/main.go:801.2,801.87 1 1
ubuntu-auto-update/backend/cmd/api/main.go:801.87,804.3 2 1
ubuntu-auto-update/backend/cmd/api/main.go:806.2,806.125 1 1
ubuntu-auto-update/backend/cmd/api/main.go:806.125,810.3 3 1
ubuntu-auto-update/backend/cmd/api/main.go:811.2,813.35 2 1
ubuntu-auto-update/backend/cmd/api/main.go:822.85,826.16 3 0
ubuntu-auto-update/backend/cmd/api/main.go:826.16,829.3 2 0
ubuntu-auto-update/backend/cmd/api/main.go:831.2,835.61 2 0
ubuntu-auto-update/backend/cmd/api/main.go:835.61,838.3 2 0
ubuntu-auto-update/backend/cmd/api/main.go:839.2,840.24 2 0
ubuntu-auto-update/backend/cmd/api/main.go:840.24,843.3 2 0
ubuntu-auto-update/backend/cmd/api/main.go:845.2,846.16 2 0
ubuntu-auto-update/backend/cmd/api/main.go:846.16,847.36 1 0
ubuntu-auto-update/backend/cmd/api/main.go:847.36,850.4 2 0
ubuntu-auto-update/backend/cmd/api/main.go:851.3,853.9 3 0
ubuntu-auto-update/backend/cmd/api/main.go:859.2,860.46 2 0
ubuntu-auto-update/backend/cmd/api/main.go:860.46,862.17 2 0
ubuntu-auto-update/backend/cmd/api/main.go:862.17,866.4 3 0
ubuntu-auto-update/backend/cmd/api/main.go:867.3,867.17 1 0
ubuntu-auto-update/backend/cmd/api/main.go:870.2,874.25 4 0
ubuntu-auto-update/backend/cmd/api/main.go:874.25,878.3 3 0
ubuntu-auto-update/backend/cmd/api/main.go:880.2,880.87 1 0
ubuntu-auto-update/backend/cmd/api/main.go:880.87,884.3 3 0
ubuntu-auto-update/backend/cmd/api/main.go:886.2,886.85 1 0
ubuntu-auto-update/backend/cmd/api/main.go:886.85,888.3 1 0
ubuntu-auto-update/backend/cmd/api/main.go:890.2,895.4 3 0
ubuntu-auto-update/backend/cmd/api/main.go:902.86,904.16 2 0
ubuntu-auto-update/backend/cmd/api/main.go:904.16,907.3 2 0
ubuntu-auto-update/backend/cmd/api/main.go:909.2,913.16 4 0
ubuntu-auto-update/backend/cmd/api/main.go:913.16,917.3 3 0
ubuntu-auto-update/backend/cmd/api/main.go:919.2,920.35 2 0
ubuntu-auto-update/backend/cmd/api/main.go:923.81,927.16 3 0
ubuntu-auto-update/backend/cmd/api/main.go:927.16,930.3 2 0
ubuntu-auto-update/backend/cmd/api/main.go:932.2,936.61 2 0
ubuntu-auto-update/backend/cmd/api/main.go:936.61,939.3 2 0
ubuntu-auto-update/backend/cmd/api/main.go:941.2,943.47 3 0
ubuntu-auto-update/backend/cmd/api/main.go:943.47,946.3 2 0
ubuntu-auto-update/backend/cmd/api/main.go:951.2,951.81 1 0
ubuntu-auto-update/backend/cmd/api/main.go:951.81,955.3 3 0
ubuntu-auto-update/backend/cmd/api/main.go:957.2,957.98 1 0
ubuntu-auto-update/backend/cmd/api/main.go:957.98,958.36 1 0
ubuntu-auto-update/backend/cmd/api/main.go:958.36,961.4 2 0
ubuntu-auto-update/backend/cmd/api/main.go:962.3,964.9 3 0
ubuntu-auto-update/backend/cmd/api/main.go:967.2,970.35 2 0
ubuntu-auto-update/backend/cmd/api/main.go:973.85,975.16 2 0
ubuntu-auto-update/backend/cmd/api/main.go:975.16,978.3 2 0
ubuntu-auto-update/backend/cmd/api/main.go:984.2,985.25 2 0
ubuntu-auto-update/backend/cmd/api/main.go:985.25,986.18 1 0
ubuntu-auto-update/backend/cmd/api/main.go:986.18,989.4 2 0
ubuntu-auto-update/backend/cmd/api/main.go:990.3,990.71 1 0
ubuntu-auto-update/backend/cmd/api/main.go:990.71,993.4 2 0
ubuntu-auto-update/backend/cmd/api/main.go:994.8,996.18 1 0
ubuntu-auto-update/backend/cmd/api/main.go:996.18,999.4 2 0
ubuntu-auto-update/backend/cmd/api/main.go:1000.3,1000.62 1 0
ubuntu-auto-update/backend/cmd/api/main.go:1000.62,1003.4 2 0
ubuntu-auto-update/backend/cmd/api/main.go:1006.2,1008.16 3 0
ubuntu-auto-update/backend/cmd/api/main.go:1008.16,1011.3 2 0
ubuntu-auto-update/backend/cmd/api/main.go:1012.2,1015.16 3 0
ubuntu-auto-update/backend/cmd/api/main.go:1015.16,1018.3 2 0
ubuntu-auto-update/backend/cmd/api/main.go:1023.2,1028.37 3 0
ubuntu-auto-update/backend/cmd/api/main.go:1028.37,1032.3 3 0
ubuntu-auto-update/backend/cmd/api/main.go:1034.2,1036.37 3 0
ubuntu-auto-update/backend/cmd/api/main.go:1036.37,1038.3 1 0
ubuntu-auto-update/backend/cmd/api/main.go:1040.2,1051.16 5 0
ubuntu-auto-update/backend/cmd/api/main.go:1051.16,1055.3 3 0
ubuntu-auto-update/backend/cmd/api/main.go:1056.2,1059.16 3 0
ubuntu-auto-update/backend/cmd/api/main.go:1059.16,1063.3 3 0
ubuntu-auto-update/backend/cmd/api/main.go:1064.2,1067.16 3 0
ubuntu-auto-update/backend/cmd/api/main.go:1067.16,1070.3 2 0
ubuntu-auto-update/backend/cmd/api/main.go:1071.2,1071.50 1 0
ubuntu-auto-update/backend/cmd/api/main.go:1089.47,1091.40 2 1
ubuntu-auto-update/backend/cmd/api/main.go:1091.40,1093.3 1 1
ubuntu-auto-update/backend/cmd/api/main.go:1094.2,1097.41 1 1
ubuntu-auto-update/backend/cmd/api/main.go:1103.86,1105.16 2 0
ubuntu-auto-update/backend/cmd/api/main.go:1105.16,1108.3 2 0
ubuntu-auto-update/backend/cmd/api/main.go:1109.2,1109.70 1 0
ubuntu-auto-update/backend/cmd/api/main.go:1115.81,1117.16 2 0
ubuntu-auto-update/backend/cmd/api/main.go:1117.16,1120.3 2 0
ubuntu-auto-update/backend/cmd/api/main.go:1123.2,1124.16 2 0
ubuntu-auto-update/backend/cmd/api/main.go:1124.16,1125.36 1 0
ubuntu-auto-update/backend/cmd/api/main.go:1125.36,1128.4 2 0
ubuntu-auto-update/backend/cmd/api/main.go:1129.3,1131.9 3 0
ubuntu-auto-update/backend/cmd/api/main.go:1133.2,1133.95 1 0
ubuntu-auto-update/backend/cmd/api/main.go:1142.134,1145.16 3 0
ubuntu-auto-update/backend/cmd/api/main.go:1145.16,1148.3 2 0
ubuntu-auto-update/backend/cmd/api/main.go:1149.2,1153.17 4 0
ubuntu-auto-update/backend/cmd/api/main.go:1153.17,1155.3 1 0
ubuntu-auto-update/backend/cmd/api/main.go:1160.2,1164.16 4 0
ubuntu-auto-update/backend/cmd/api/main.go:1164.16,1168.3 3 0
ubuntu-auto-update/backend/cmd/api/main.go:1169.2,1174.15 5 0
ubuntu-auto-update/backend/cmd/api/main.go:1174.15,1175.98 1 0
ubuntu-auto-update/backend/cmd/api/main.go:1175.98,1177.4 1 0
ubuntu-auto-update/backend/cmd/api/main.go:1178.3,1178.78 1 0
ubuntu-auto-update/backend/cmd/api/main.go:1181.2,1182.16 2 0
ubuntu-auto-update/backend/cmd/api/main.go:1182.16,1189.3 6 0
ubuntu-auto-update/backend/cmd/api/main.go:1190.2,1192.31 2 0
ubuntu-auto-update/backend/cmd/api/main.go:1192.31,1194.20 2 0
ubuntu-auto-update/backend/cmd/api/main.go:1194.20,1202.4 5 0
ubuntu-auto-update/backend/cmd/api/main.go:1205.2,1208.34 4 0
ubuntu-auto-update/backend/cmd/api/main.go:1208.34,1212.3 2 0
ubuntu-auto-update/backend/cmd/api/main.go:1213.2,1213.90 1 0
ubuntu-auto-update/backend/cmd/api/main.go:1219.140,1221.16 2 0
ubuntu-auto-update/backend/cmd/api/main.go:1221.16,1223.3 1 0
ubuntu-auto-update/backend/cmd/api/main.go:1224.2,1227.16 3 0
ubuntu-auto-update/backend/cmd/api/main.go:1227.16,1229.3 1 0
ubuntu-auto-update/backend/cmd/api/main.go:1230.2,1231.16 2 0
ubuntu-auto-update/backend/cmd/api/main.go:1231.16,1233.3 1 0
ubuntu-auto-update/backend/cmd/api/main.go:1235.2,1235.43 1 0
ubuntu-auto-update/backend/cmd/api/main.go:1235.43,1237.3 1 0
ubuntu-auto-update/backend/cmd/api/main.go:1239.2,1248.12 6 0
ubuntu-auto-update/backend/cmd/api/main.go:1248.12,1248.84 2 0
ubuntu-auto-update/backend/cmd/api/main.go:1249.2,1249.12 1 0
ubuntu-auto-update/backend/cmd/api/main.go:1249.12,1249.84 2 0
ubuntu-auto-update/backend/cmd/api/main.go:1251.2,1253.16 3 0
ubuntu-auto-update/backend/cmd/api/main.go:1253.16,1255.3 1 0
ubuntu-auto-update/backend/cmd/api/main.go:1256.2,1257.30 2 0
ubuntu-auto-update/backend/cmd/api/main.go:1257.30,1259.3 1 0
ubuntu-auto-update/backend/cmd/api/main.go:1260.2,1260.16 1 0
ubuntu-auto-update/backend/cmd/api/main.go:1267.125,1269.6 2 0
ubuntu-auto-update/backend/cmd/api/main.go:1269.6,1270.10 1 0
ubuntu-auto-update/backend/cmd/api/main.go:1271.21,1272.10 1 0
ubuntu-auto-update/backend/cmd/api/main.go:1273.11,1273.11 0 0
ubuntu-auto-update/backend/cmd/api/main.go:1275.3,1276.12 2 0
ubuntu-auto-update/backend/cmd/api/main.go:1276.12,1282.4 3 0
ubuntu-auto-update/backend/cmd/api/main.go:1283.3,1283.17 1 0
ubuntu-auto-update/backend/cmd/api/main.go:1283.17,1285.4 1 0
ubuntu-auto-update/backend/cmd/api/main.go:1289.46,1291.2 1 0
ubuntu-auto-update/backend/cmd/api/main.go:1295.80,1297.16 2 1
ubuntu-auto-update/backend/cmd/api/main.go:1297.16,1300.3 2 1
ubuntu-auto-update/backend/cmd/api/main.go:1302.2,1303.46 2 1
ubuntu-auto-update/backend/cmd/api/main.go:1303.46,1304.63 1 1
ubuntu-auto-update/backend/cmd/api/main.go:1304.63,1306.4 1 1
ubuntu-auto-update/backend/cmd/api/main.go:1309.2,1309.17 1 1
ubuntu-auto-update/backend/cmd/api/main.go:1309.17,1311.3 1 1
ubuntu-auto-update/backend/cmd/api/main.go:1313.2,1314.16 2 1
ubuntu-auto-update/backend/cmd/api/main.go:1314.16,1318.3 3 1
ubuntu-auto-update/backend/cmd/api/main.go:1320.2,1321.33 2 1
ubuntu-auto-update/backend/cmd/api/main.go:1331.87,1333.52 2 1
ubuntu-auto-update/backend/cmd/api/main.go:1333.52,1336.3 2 1
ubuntu-auto-update/backend/cmd/api/main.go:1337.2,1338.16 2 1
ubuntu-auto-update/backend/cmd/api/main.go:1338.16,1342.3 3 1
ubuntu-auto-update/backend/cmd/api/main.go:1343.2,1344.33 2 1
ubuntu-auto-update/backend/cmd/api/main.go:1351.85,1361.61 3 0
ubuntu-auto-update/backend/cmd/api/main.go:1361.61,1364.3 2 0
ubuntu-auto-update/backend/cmd/api/main.go:1365.2,1365.27 1 0
ubuntu-auto-update/backend/cmd/api/main.go:1365.27,1368.3 2 0
ubuntu-auto-update/backend/cmd/api/main.go:1369.2,1369.28 1 0
ubuntu-auto-update/backend/cmd/api/main.go:1369.28,1372.3 2 0
ubuntu-auto-update/backend/cmd/api/main.go:1376.2,1376.42 1 0
ubuntu-auto-update/backend/cmd/api/main.go:1376.42,1379.3 2 0
ubuntu-auto-update/backend/cmd/api/main.go:1381.2,1383.17 3 0
ubuntu-auto-update/backend/cmd/api/main.go:1383.17,1385.3 1 0
ubuntu-auto-update/backend/cmd/api/main.go:1387.2,1395.16 2 0
ubuntu-auto-update/backend/cmd/api/main.go:1395.16,1399.3 3 0
ubuntu-auto-update/backend/cmd/api/main.go:1401.2,1411.35 5 0
ubuntu-auto-update/backend/cmd/api/main.go:1415.78,1417.9 2 1
ubuntu-auto-update/backend/cmd/api/main.go:1417.9,1420.3 2 1
ubuntu-auto-update/backend/cmd/api/main.go:1421.2,1422.16 2 1
ubuntu-auto-update/backend/cmd/api/main.go:1422.16,1425.3 2 1
ubuntu-auto-update/backend/cmd/api/main.go:1427.2,1428.16 2 1
ubuntu-auto-update/backend/cmd/api/main.go:1428.16,1429.36 1 1
ubuntu-auto-update/backend/cmd/api/main.go:1429.36,1432.4 2 1
ubuntu-auto-update/backend/cmd/api/main.go:1433.3,1435.9 3 1
ubuntu-auto-update/backend/cmd/api/main.go:1438.2,1439.32 2 1
ubuntu-auto-update/backend/cmd/api/main.go:1442.78,1443.49 1 1
ubuntu-auto-update/backend/cmd/api/main.go:1443.49,1453.3 5 1
ubuntu-auto-update/backend/cmd/api/main.go:1455.2,1461.4 3 1
ubuntu-auto-update/backend/cmd/api/users.go:22.81,23.19 1 1
ubuntu-auto-update/backend/cmd/api/users.go:23.19,26.3 2 1
ubuntu-auto-update/backend/cmd/api/users.go:27.2,28.16 2 1
ubuntu-auto-update/backend/cmd/api/users.go:28.16,32.3 3 1
ubuntu-auto-update/backend/cmd/api/users.go:33.2,34.33 2 1
ubuntu-auto-update/backend/cmd/api/users.go:37.82,44.61 3 1
ubuntu-auto-update/backend/cmd/api/users.go:44.61,47.3 2 1
ubuntu-auto-update/backend/cmd/api/users.go:48.2,48.46 1 1
ubuntu-auto-update/backend/cmd/api/users.go:48.46,51.3 2 1
ubuntu-auto-update/backend/cmd/api/users.go:52.2,52.20 1 1
ubuntu-auto-update/backend/cmd/api/users.go:52.20,54.3 1 1
ubuntu-auto-update/backend/cmd/api/users.go:55.2,55.34 1 1
ubuntu-auto-update/backend/cmd/api/users.go:55.34,58.3 2 1
ubuntu-auto-update/backend/cmd/api/users.go:60.2,61.16 2 1
ubuntu-auto-update/backend/cmd/api/users.go:61.16,62.10 1 1
ubuntu-auto-update/backend/cmd/api/users.go:63.51,64.69 1 1
ubuntu-auto-update/backend/cmd/api/users.go:65.50,66.87 1 1
ubuntu-auto-update/backend/cmd/api/users.go:67.45,68.60 1 0
ubuntu-auto-update/backend/cmd/api/users.go:69.11,71.78 2 1
ubuntu-auto-update/backend/cmd/api/users.go:73.3,73.9 1 1
ubuntu-auto-update/backend/cmd/api/users.go:76.2,81.30 4 1
ubuntu-auto-update/backend/cmd/api/users.go:84.82,86.16 2 1
ubuntu-auto-update/backend/cmd/api/users.go:86.16,89.3 2 1
ubuntu-auto-update/backend/cmd/api/users.go:90.2,97.61 3 1
ubuntu-auto-update/backend/cmd/api/users.go:97.61,100.3 2 1
ubuntu-auto-update/backend/cmd/api/users.go:102.2,102.21 1 1
ubuntu-auto-update/backend/cmd/api/users.go:102.21,103.75 1 1
ubuntu-auto-update/backend/cmd/api/users.go:103.75,106.4 2 1
ubuntu-auto-update/backend/cmd/api/users.go:107.3,108.46 1 1
ubuntu-auto-update/backend/cmd/api/users.go:110.2,110.25 1 1
ubuntu-auto-update/backend/cmd/api/users.go:110.25,111.83 1 1
ubuntu-auto-update/backend/cmd/api/users.go:111.83,114.4 2 0
ubuntu-auto-update/backend/cmd/api/users.go:115.3,116.20 2 1
ubuntu-auto-update/backend/cmd/api/users.go:116.20,118.4 1 1
ubuntu-auto-update/backend/cmd/api/users.go:119.3,119.70 1 1
ubuntu-auto-update/backend/cmd/api/users.go:121.2,121.25 1 1
ubuntu-auto-update/backend/cmd/api/users.go:121.25,122.83 1 1
ubuntu-auto-update/backend/cmd/api/users.go:122.83,125.4 2 1
ubuntu-auto-update/backend/cmd/api/users.go:126.3,126.88 1 1
ubuntu-auto-update/backend/cmd/api/users.go:129.2,129.37 1 1
ubuntu-auto-update/backend/cmd/api/users.go:132.82,134.16 2 1
ubuntu-auto-update/backend/cmd/api/users.go:134.16,137.3 2 0
ubuntu-auto-update/backend/cmd/api/users.go:140.2,141.32 2 1
ubuntu-auto-update/backend/cmd/api/users.go:141.32,144.3 2 1
ubuntu-auto-update/backend/cmd/api/users.go:146.2,146.62 1 1
ubuntu-auto-update/backend/cmd/api/users.go:146.62,149.3 2 1
ubuntu-auto-update/backend/cmd/api/users.go:150.2,151.37 2 1
ubuntu-auto-update/backend/cmd/api/users.go:154.63,155.9 1 1
ubuntu-auto-update/backend/cmd/api/users.go:156.45,157.59 1 1
ubuntu-auto-update/backend/cmd/api/users.go:158.44,159.59 1 1
ubuntu-auto-update/backend/cmd/api/users.go:160.49,161.86 1 1
ubuntu-auto-update/backend/cmd/api/users.go:162.10,164.77 2 1
ubuntu-auto-update/backend/cmd/api/users.go:168.50,170.9 2 1
ubuntu-auto-update/backend/cmd/api/users.go:170.9,172.3 1 1
ubuntu-auto-update/backend/cmd/api/users.go:173.2,174.16 2 1
ubuntu-auto-update/backend/cmd/api/users.go:174.16,176.3 1 1
ubuntu-auto-update/backend/cmd/api/users.go:177.2,177.23 1 1
ubuntu-auto-update/backend/cmd/api/users.go:183.117,193.14 3 1
ubuntu-auto-update/backend/cmd/api/users.go:193.14,194.20 1 1
ubuntu-auto-update/backend/cmd/api/users.go:194.20,197.4 2 1
ubuntu-auto-update/backend/cmd/api/users.go:198.3,198.29 1 1
ubuntu-auto-update/backend/cmd/api/users.go:200.2,200.19 1 1
ubuntu-auto-update/backend/cmd/api/users.go:200.19,203.3 1 1
ubuntu-auto-update/backend/cmd/api/users.go:204.2,204.59 1 1
ubuntu-auto-update/backend/cmd/api/users.go:204.59,206.3 1 0
ubuntu-auto-update/backend/cmd/api/users.go:212.81,215.34 3 1
ubuntu-auto-update/backend/cmd/api/users.go:215.34,216.44 1 1
ubuntu-auto-update/backend/cmd/api/users.go:216.44,218.4 1 1
ubuntu-auto-update/backend/cmd/api/users.go:220.2,226.16 2 1
ubuntu-auto-update/backend/cmd/api/users.go:226.16,230.3 3 1
ubuntu-auto-update/backend/cmd/api/users.go:231.2,232.32 2 1
