mode: set
ubuntu-auto-update/backend/pkg/db/db.go:31.64,33.17 2 0
ubuntu-auto-update/backend/pkg/db/db.go:33.17,35.3 1 0
ubuntu-auto-update/backend/pkg/db/db.go:36.2,37.16 2 0
ubuntu-auto-update/backend/pkg/db/db.go:37.16,39.3 1 0
ubuntu-auto-update/backend/pkg/db/db.go:40.2,40.18 1 0
ubuntu-auto-update/backend/pkg/db/db.go:43.133,45.20 2 1
ubuntu-auto-update/backend/pkg/db/db.go:45.20,47.3 1 1
ubuntu-auto-update/backend/pkg/db/db.go:49.2,60.16 2 1
ubuntu-auto-update/backend/pkg/db/db.go:60.16,62.3 1 1
ubuntu-auto-update/backend/pkg/db/db.go:63.2,63.75 1 1
ubuntu-auto-update/backend/pkg/db/db.go:66.69,68.16 2 1
ubuntu-auto-update/backend/pkg/db/db.go:68.16,70.3 1 1
ubuntu-auto-update/backend/pkg/db/db.go:71.2,72.16 2 1
ubuntu-auto-update/backend/pkg/db/db.go:72.16,74.3 1 1
ubuntu-auto-update/backend/pkg/db/db.go:75.2,75.18 1 1
ubuntu-auto-update/backend/pkg/db/db.go:75.18,77.3 1 0
ubuntu-auto-update/backend/pkg/db/db.go:78.2,78.19 1 1
ubuntu-auto-update/backend/pkg/db/db.go:87.94,93.16 2 1
ubuntu-auto-update/backend/pkg/db/db.go:93.16,95.3 1 1
ubuntu-auto-update/backend/pkg/db/db.go:96.2,97.16 2 1
ubuntu-auto-update/backend/pkg/db/db.go:97.16,99.3 1 1
ubuntu-auto-update/backend/pkg/db/db.go:100.2,100.18 1 1
ubuntu-auto-update/backend/pkg/db/db.go:103.42,105.53 2 1
ubuntu-auto-update/backend/pkg/db/db.go:105.53,107.3 1 1
ubuntu-auto-update/backend/pkg/db/db.go:108.2,108.12 1 1
ubuntu-auto-update/backend/pkg/db/db.go:113.101,118.16 2 1
ubuntu-auto-update/backend/pkg/db/db.go:118.16,120.3 1 1
ubuntu-auto-update/backend/pkg/db/db.go:121.2,121.75 1 1
ubuntu-auto-update/backend/pkg/db/db.go:127.72,129.16 2 1
ubuntu-auto-update/backend/pkg/db/db.go:129.16,131.3 1 1
ubuntu-auto-update/backend/pkg/db/db.go:132.2,132.32 1 1
ubuntu-auto-update/backend/pkg/db/db.go:135.75,137.16 2 1
ubuntu-auto-update/backend/pkg/db/db.go:137.16,139.3 1 1
ubuntu-auto-update/backend/pkg/db/db.go:140.2,140.75 1 1
ubuntu-auto-update/backend/pkg/db/db.go:143.83,145.16 2 1
ubuntu-auto-update/backend/pkg/db/db.go:145.16,147.3 1 1
ubuntu-auto-update/backend/pkg/db/db.go:148.2,149.16 2 1
ubuntu-auto-update/backend/pkg/db/db.go:149.16,151.3 1 0
ubuntu-auto-update/backend/pkg/db/db.go:153.2,154.16 2 1
ubuntu-auto-update/backend/pkg/db/db.go:154.16,156.3 1 1
ubuntu-auto-update/backend/pkg/db/db.go:157.2,158.17 2 0
ubuntu-auto-update/backend/pkg/db/db.go:161.85,163.16 2 1
ubuntu-auto-update/backend/pkg/db/db.go:163.16,165.3 1 0
ubuntu-auto-update/backend/pkg/db/db.go:166.2,172.12 2 1
ubuntu-auto-update/backend/pkg/db/db.go:178.101,180.16 2 1
ubuntu-auto-update/backend/pkg/db/db.go:180.16,182.3 1 0
ubuntu-auto-update/backend/pkg/db/db.go:184.2,185.16 2 1
ubuntu-auto-update/backend/pkg/db/db.go:185.16,187.3 1 1
ubuntu-auto-update/backend/pkg/db/db.go:189.2,189.15 1 1
ubuntu-auto-update/backend/pkg/db/db.go:189.15,189.39 1 1
ubuntu-auto-update/backend/pkg/db/db.go:191.2,196.39 1 1
ubuntu-auto-update/backend/pkg/db/db.go:196.39,198.3 1 1
ubuntu-auto-update/backend/pkg/db/db.go:200.2,201.16 2 1
ubuntu-auto-update/backend/pkg/db/db.go:201.16,203.3 1 1
ubuntu-auto-update/backend/pkg/db/db.go:204.2,204.29 1 1
ubuntu-auto-update/backend/pkg/db/db.go:204.29,206.3 1 0
ubuntu-auto-update/backend/pkg/db/db.go:208.2,208.23 1 1
ubuntu-auto-update/backend/pkg/db/db.go:211.88,213.16 2 1
ubuntu-auto-update/backend/pkg/db/db.go:213.16,215.3 1 1
ubuntu-auto-update/backend/pkg/db/db.go:216.2,217.16 2 1
ubuntu-auto-update/backend/pkg/db/db.go:217.16,219.3 1 1
ubuntu-auto-update/backend/pkg/db/db.go:220.2,220.18 1 1
ubuntu-auto-update/backend/pkg/db/db.go:220.18,222.3 1 0
ubuntu-auto-update/backend/pkg/db/db.go:223.2,223.19 1 1
ubuntu-auto-update/backend/pkg/db/runs.go:21.127,23.2 1 1
ubuntu-auto-update/backend/pkg/db/runs.go:27.152,29.19 2 1
ubuntu-auto-update/backend/pkg/db/runs.go:29.19,31.3 1 1
ubuntu-auto-update/backend/pkg/db/runs.go:32.2,37.16 2 1
ubuntu-auto-update/backend/pkg/db/runs.go:37.16,39.3 1 1
ubuntu-auto-update/backend/pkg/db/runs.go:40.2,40.80 1 1
ubuntu-auto-update/backend/pkg/db/runs.go:45.97,52.16 2 1
ubuntu-auto-update/backend/pkg/db/runs.go:52.16,54.3 1 1
ubuntu-auto-update/backend/pkg/db/runs.go:55.2,56.16 2 1
ubuntu-auto-update/backend/pkg/db/runs.go:56.16,58.3 1 1
ubuntu-auto-update/backend/pkg/db/runs.go:59.2,59.17 1 1
ubuntu-auto-update/backend/pkg/db/runs.go:59.17,61.3 1 0
ubuntu-auto-update/backend/pkg/db/runs.go:62.2,62.18 1 1
ubuntu-auto-update/backend/pkg/db/runs.go:68.93,69.17 1 1
ubuntu-auto-update/backend/pkg/db/runs.go:69.17,71.3 1 1
ubuntu-auto-update/backend/pkg/db/runs.go:72.2,78.16 2 1
ubuntu-auto-update/backend/pkg/db/runs.go:78.16,80.3 1 1
ubuntu-auto-update/backend/pkg/db/runs.go:81.2,81.37 1 1
ubuntu-auto-update/backend/pkg/db/runs.go:86.119,88.19 2 1
ubuntu-auto-update/backend/pkg/db/runs.go:88.19,90.3 1 1
ubuntu-auto-update/backend/pkg/db/runs.go:91.2,92.18 2 1
ubuntu-auto-update/backend/pkg/db/runs.go:92.18,94.3 1 1
ubuntu-auto-update/backend/pkg/db/runs.go:95.2,103.16 2 1
ubuntu-auto-update/backend/pkg/db/runs.go:103.16,105.3 1 1
ubuntu-auto-update/backend/pkg/db/runs.go:106.2,106.12 1 1
ubuntu-auto-update/backend/pkg/db/runs.go:111.105,112.31 1 1
ubuntu-auto-update/backend/pkg/db/runs.go:112.31,114.3 1 1
ubuntu-auto-update/backend/pkg/db/runs.go:115.2,122.16 2 1
ubuntu-auto-update/backend/pkg/db/runs.go:122.16,124.3 1 1
ubuntu-auto-update/backend/pkg/db/runs.go:125.2,126.16 2 1
ubuntu-auto-update/backend/pkg/db/runs.go:126.16,128.3 1 1
ubuntu-auto-update/backend/pkg/db/runs.go:129.2,129.17 1 1
ubuntu-auto-update/backend/pkg/db/runs.go:129.17,131.3 1 0
ubuntu-auto-update/backend/pkg/db/runs.go:132.2,132.18 1 1
ubuntu-auto-update/backend/pkg/db/runs.go:137.79,139.16 2 1
ubuntu-auto-update/backend/pkg/db/runs.go:139.16,141.3 1 1
ubuntu-auto-update/backend/pkg/db/runs.go:142.2,142.80 1 1
